<?xml version="1.0" encoding="UTF-8"?>
<!-- Generated by org.testng.reporters.JUnitReportReporter -->
<testsuite hostname="Sona133" failures="0" tests="1" name="testCases.TC001_AccountRegistration" time="0.922" errors="0" timestamp="2025-08-04T17:55:54 IST" skipped="0">
  <testcase classname="testCases.TC001_AccountRegistration" name="testAccountRegistration" time="0.922"/>
</testsuite> <!-- testCases.TC001_AccountRegistration -->
