<?xml version="1.0" encoding="UTF-8"?>
<!-- Generated by org.testng.reporters.JUnitReportReporter -->
<testsuite hostname="Sona133" failures="0" tests="1" name="testCases.TC004_BillPaymentService" time="1.528" errors="0" timestamp="2025-08-04T17:55:54 IST" skipped="0">
  <testcase classname="testCases.TC004_BillPaymentService" name="testBillPaymentService" time="1.528"/>
</testsuite> <!-- testCases.TC004_BillPaymentService -->
