<?xml version="1.0" encoding="UTF-8"?>
<!-- Generated by org.testng.reporters.JUnitReportReporter -->
<testsuite hostname="Sona133" failures="0" tests="1" name="testCases.TC004_BillPaymentService" time="0.279" errors="0" timestamp="2025-08-04T21:20:10 IST" skipped="0">
  <testcase classname="testCases.TC004_BillPaymentService" name="testBillPaymentService" time="0.279"/>
</testsuite> <!-- testCases.TC004_BillPaymentService -->
